TN:
SF:src\App.jsx
FN:13,App
FNF:1
FNH:1
FNDA:17,App
DA:14,17
LF:1
LH:1
BRF:0
BRH:0
end_of_record
TN:
SF:src\components\Board\Board.jsx
FN:13,(anonymous_0)
FN:31,(anonymous_1)
FN:46,(anonymous_2)
FN:56,(anonymous_3)
FN:79,(anonymous_4)
FN:80,(anonymous_5)
FN:81,(anonymous_6)
FN:93,(anonymous_7)
FN:99,(anonymous_8)
FN:106,(anonymous_9)
FN:113,(anonymous_10)
FN:125,(anonymous_11)
FN:126,(anonymous_12)
FN:144,(anonymous_13)
FN:163,(anonymous_14)
FN:174,(anonymous_15)
FN:190,(anonymous_16)
FN:205,(anonymous_17)
FNF:18
FNH:3
FNDA:34,(anonymous_0)
FNDA:0,(anonymous_1)
FNDA:0,(anonymous_2)
FNDA:0,(anonymous_3)
FNDA:0,(anonymous_4)
FNDA:0,(anonymous_5)
FNDA:0,(anonymous_6)
FNDA:0,(anonymous_7)
FNDA:0,(anonymous_8)
FNDA:0,(anonymous_9)
FNDA:0,(anonymous_10)
FNDA:17,(anonymous_11)
FNDA:0,(anonymous_12)
FNDA:0,(anonymous_13)
FNDA:0,(anonymous_14)
FNDA:0,(anonymous_15)
FNDA:0,(anonymous_16)
FNDA:102,(anonymous_17)
DA:13,1
DA:14,34
DA:17,34
DA:18,34
DA:19,34
DA:20,34
DA:21,34
DA:23,34
DA:24,34
DA:31,34
DA:32,0
DA:33,0
DA:34,0
DA:35,0
DA:38,0
DA:46,34
DA:47,0
DA:48,0
DA:49,0
DA:56,34
DA:57,0
DA:58,0
DA:61,0
DA:62,0
DA:65,0
DA:70,0
DA:79,34
DA:80,0
DA:81,0
DA:83,0
DA:86,0
DA:89,0
DA:90,0
DA:93,0
DA:99,0
DA:100,0
DA:106,34
DA:107,0
DA:113,34
DA:114,0
DA:115,0
DA:116,0
DA:117,0
DA:118,0
DA:119,0
DA:125,34
DA:126,17
DA:127,0
DA:128,0
DA:131,0
DA:132,0
DA:133,0
DA:134,0
DA:135,0
DA:137,0
DA:138,0
DA:144,17
DA:145,0
DA:146,0
DA:147,0
DA:150,0
DA:151,0
DA:152,0
DA:153,0
DA:154,0
DA:156,0
DA:157,0
DA:163,17
DA:164,0
DA:166,0
DA:167,0
DA:169,0
DA:174,17
DA:175,0
DA:176,0
DA:177,0
DA:179,0
DA:184,17
DA:185,0
DA:186,0
DA:187,0
DA:188,0
DA:190,0
DA:191,0
DA:192,0
DA:193,0
DA:194,0
DA:199,34
DA:206,102
DA:207,102
DA:210,102
DA:212,102
LF:92
LH:26
BRDA:46,0,0,0
BRDA:47,1,0,0
BRDA:47,1,1,0
BRDA:57,2,0,0
BRDA:57,2,1,0
BRDA:57,3,0,0
BRDA:57,3,1,0
BRDA:61,4,0,0
BRDA:61,4,1,0
BRDA:61,5,0,0
BRDA:61,5,1,0
BRDA:83,6,0,0
BRDA:83,6,1,0
BRDA:89,7,0,0
BRDA:89,7,1,0
BRDA:127,8,0,0
BRDA:127,8,1,0
BRDA:127,9,0,0
BRDA:127,9,1,0
BRDA:132,10,0,0
BRDA:132,10,1,0
BRDA:137,11,0,0
BRDA:137,11,1,0
BRDA:137,12,0,0
BRDA:137,12,1,0
BRDA:145,13,0,0
BRDA:145,13,1,0
BRDA:145,14,0,0
BRDA:145,14,1,0
BRDA:145,14,2,0
BRDA:151,15,0,0
BRDA:151,15,1,0
BRDA:156,16,0,0
BRDA:156,16,1,0
BRDA:156,17,0,0
BRDA:156,17,1,0
BRDA:164,18,0,0
BRDA:164,18,1,0
BRDA:164,19,0,0
BRDA:164,19,1,0
BRDA:166,20,0,0
BRDA:166,20,1,0
BRDA:175,21,0,0
BRDA:175,21,1,0
BRDA:175,22,0,0
BRDA:175,22,1,0
BRDA:176,23,0,0
BRDA:176,23,1,0
BRDA:184,24,0,0
BRDA:184,24,1,17
BRDA:210,25,0,102
BRDA:210,25,1,0
BRDA:232,26,0,34
BRDA:232,26,1,0
BRDA:232,26,2,0
BRF:55
BRH:3
end_of_record
TN:
SF:src\components\Column\Column.jsx
FN:12,(anonymous_0)
FN:30,(anonymous_1)
FN:39,(anonymous_2)
FN:65,(anonymous_3)
FN:74,(anonymous_4)
FN:112,(anonymous_5)
FNF:6
FNH:3
FNDA:108,(anonymous_0)
FNDA:0,(anonymous_1)
FNDA:0,(anonymous_2)
FNDA:0,(anonymous_3)
FNDA:108,(anonymous_4)
FNDA:25,(anonymous_5)
DA:12,2
DA:25,108
DA:30,108
DA:31,0
DA:32,0
DA:39,108
DA:40,0
DA:42,0
DA:43,0
DA:46,0
DA:47,0
DA:49,0
DA:50,0
DA:51,0
DA:53,0
DA:54,0
DA:55,0
DA:59,0
DA:65,108
DA:66,0
DA:67,0
DA:74,108
DA:75,108
DA:76,108
DA:77,108
DA:78,108
DA:79,108
DA:83,108
DA:85,108
DA:114,25
DA:120,25
LF:31
LH:15
BRDA:22,0,0,6
BRDA:23,1,0,6
BRDA:31,2,0,0
BRDA:31,2,1,0
BRDA:40,3,0,0
BRDA:40,3,1,0
BRDA:40,4,0,0
BRDA:40,4,1,0
BRDA:53,5,0,0
BRDA:53,5,1,0
BRDA:66,6,0,0
BRDA:66,6,1,0
BRDA:76,7,0,0
BRDA:76,7,1,108
BRDA:77,8,0,0
BRDA:77,8,1,108
BRDA:78,9,0,0
BRDA:78,9,1,108
BRDA:83,10,0,0
BRDA:83,10,1,108
BRDA:99,11,0,108
BRDA:99,11,1,40
BRDA:104,12,0,89
BRDA:104,12,1,19
BRDA:106,13,0,21
BRDA:106,13,1,68
BRDA:114,14,0,25
BRDA:114,14,1,0
BRDA:114,14,2,0
BRDA:114,14,3,0
BRDA:114,14,4,0
BRDA:122,15,0,25
BRDA:122,15,1,0
BRDA:135,16,0,19
BRDA:135,16,1,0
BRDA:135,16,2,0
BRDA:135,16,3,0
BRDA:135,16,4,0
BRF:38
BRH:15
end_of_record
TN:
SF:src\components\ErrorBoundary\ErrorBoundary.jsx
FN:10,(anonymous_0)
FN:19,(anonymous_1)
FN:23,(anonymous_2)
FN:31,(anonymous_3)
FN:41,(anonymous_4)
FN:48,(anonymous_5)
FNF:6
FNH:4
FNDA:30,(anonymous_0)
FNDA:10,(anonymous_1)
FNDA:5,(anonymous_2)
FNDA:0,(anonymous_3)
FNDA:0,(anonymous_4)
FNDA:44,(anonymous_5)
DA:11,30
DA:12,29
DA:20,10
DA:24,5
DA:25,5
DA:31,29
DA:32,0
DA:38,0
DA:41,29
DA:42,0
DA:43,0
DA:44,0
DA:49,44
DA:50,15
DA:92,29
LF:15
LH:10
BRDA:42,0,0,0
BRDA:42,0,1,0
BRDA:49,1,0,15
BRDA:49,1,1,29
BRDA:59,2,0,15
BRDA:59,2,1,5
BRF:6
BRH:4
end_of_record
TN:
SF:src\components\ExportModal\ExportModal.jsx
FN:11,(anonymous_0)
FN:22,(anonymous_1)
FN:32,(anonymous_2)
FN:44,(anonymous_3)
FN:48,(anonymous_4)
FN:60,(anonymous_5)
FN:61,(anonymous_6)
FN:75,(anonymous_7)
FN:81,(anonymous_8)
FN:98,(anonymous_9)
FN:156,(anonymous_10)
FN:166,(anonymous_11)
FN:216,(anonymous_12)
FNF:13
FNH:4
FNDA:56,(anonymous_0)
FNDA:1,(anonymous_1)
FNDA:0,(anonymous_2)
FNDA:0,(anonymous_3)
FNDA:0,(anonymous_4)
FNDA:0,(anonymous_5)
FNDA:0,(anonymous_6)
FNDA:0,(anonymous_7)
FNDA:0,(anonymous_8)
FNDA:2,(anonymous_9)
FNDA:0,(anonymous_10)
FNDA:1,(anonymous_11)
FNDA:0,(anonymous_12)
DA:11,3
DA:12,56
DA:13,56
DA:14,56
DA:15,56
DA:16,56
DA:18,56
DA:20,12
DA:22,12
DA:23,1
DA:27,1
DA:28,1
DA:32,1
DA:33,0
DA:34,0
DA:37,0
DA:44,12
DA:45,0
DA:48,12
DA:49,0
DA:50,0
DA:52,0
DA:53,0
DA:55,0
DA:56,0
DA:58,0
DA:60,0
DA:61,0
DA:63,0
DA:64,0
DA:65,0
DA:68,0
DA:75,0
DA:76,0
DA:77,0
DA:78,0
DA:81,0
DA:82,0
DA:87,0
DA:91,0
DA:95,0
DA:98,12
DA:99,2
DA:100,0
DA:104,12
DA:156,0
DA:166,1
DA:217,0
LF:48
LH:19
BRDA:18,0,0,44
BRDA:18,0,1,12
BRDA:23,1,0,1
BRDA:23,1,1,0
BRDA:27,2,0,1
BRDA:27,2,1,0
BRDA:50,3,0,0
BRDA:50,3,1,0
BRDA:58,4,0,0
BRDA:58,4,1,0
BRDA:64,5,0,0
BRDA:64,5,1,0
BRDA:99,6,0,0
BRDA:99,6,1,2
BRDA:175,7,0,12
BRDA:175,7,1,9
BRDA:209,8,0,12
BRDA:209,8,1,1
BRDA:212,9,0,1
BRDA:212,9,1,0
BRF:20
BRH:10
end_of_record
TN:
SF:src\components\Filter\Filter.jsx
FN:11,(anonymous_0)
FN:23,(anonymous_1)
FN:27,(anonymous_2)
FN:31,(anonymous_3)
FN:36,(anonymous_4)
FN:49,(anonymous_5)
FN:53,(anonymous_6)
FNF:7
FNH:5
FNDA:51,(anonymous_0)
FNDA:0,(anonymous_1)
FNDA:7,(anonymous_2)
FNDA:1,(anonymous_3)
FNDA:8,(anonymous_4)
FNDA:204,(anonymous_5)
FNDA:0,(anonymous_6)
DA:11,2
DA:12,51
DA:13,51
DA:14,51
DA:16,51
DA:23,51
DA:24,0
DA:27,51
DA:28,7
DA:31,51
DA:32,1
DA:33,1
DA:36,51
DA:37,8
DA:38,8
DA:39,0
DA:43,51
DA:50,204
DA:53,0
LF:19
LH:16
BRDA:38,0,0,0
BRDA:38,0,1,8
BRDA:52,1,0,51
BRDA:52,1,1,153
BRDA:66,2,0,15
BRDA:66,2,1,36
BRDA:73,3,0,51
BRDA:73,3,1,15
BRDA:84,4,0,15
BRDA:84,4,1,7
BRF:10
BRH:9
end_of_record
TN:
SF:src\components\Header\Header.jsx
FN:11,(anonymous_0)
FN:49,(anonymous_1)
FN:73,(anonymous_2)
FNF:3
FNH:2
FNDA:45,(anonymous_0)
FNDA:2,(anonymous_1)
FNDA:0,(anonymous_2)
DA:11,2
DA:12,45
DA:13,45
DA:14,45
DA:16,45
DA:49,2
DA:73,0
LF:7
LH:6
BRDA:56,0,0,45
BRDA:56,0,1,20
BRF:2
BRH:2
end_of_record
TN:
SF:src\components\KeyboardShortcuts\KeyboardShortcuts.jsx
FN:9,(anonymous_0)
FN:21,(anonymous_1)
FN:25,(anonymous_2)
FN:49,(anonymous_3)
FN:50,(anonymous_4)
FN:55,(anonymous_5)
FN:63,(anonymous_6)
FNF:7
FNH:1
FNDA:17,(anonymous_0)
FNDA:0,(anonymous_1)
FNDA:0,(anonymous_2)
FNDA:0,(anonymous_3)
FNDA:0,(anonymous_4)
FNDA:0,(anonymous_5)
FNDA:0,(anonymous_6)
DA:9,1
DA:10,17
DA:12,17
DA:21,17
DA:22,0
DA:25,17
DA:26,0
DA:27,0
DA:28,0
DA:33,17
DA:34,17
DA:37,17
DA:49,0
DA:50,0
DA:55,0
DA:64,0
LF:16
LH:8
BRDA:26,0,0,0
BRDA:26,0,1,0
BRDA:26,1,0,0
BRDA:26,1,1,0
BRDA:33,2,0,17
BRDA:33,2,1,0
BRDA:48,3,0,17
BRDA:48,3,1,0
BRF:8
BRH:2
end_of_record
TN:
SF:src\components\Task\TaskCard.jsx
FN:11,(anonymous_0)
FN:22,(anonymous_1)
FN:33,(anonymous_2)
FN:47,(anonymous_3)
FN:59,(anonymous_4)
FN:69,(anonymous_5)
FN:83,(anonymous_6)
FN:95,(anonymous_7)
FN:105,(anonymous_8)
FN:118,(anonymous_9)
FN:131,(anonymous_10)
FN:168,(anonymous_11)
FNF:12
FNH:4
FNDA:33,(anonymous_0)
FNDA:1,(anonymous_1)
FNDA:0,(anonymous_2)
FNDA:0,(anonymous_3)
FNDA:0,(anonymous_4)
FNDA:0,(anonymous_5)
FNDA:0,(anonymous_6)
FNDA:2,(anonymous_7)
FNDA:0,(anonymous_8)
FNDA:0,(anonymous_9)
FNDA:0,(anonymous_10)
FNDA:33,(anonymous_11)
DA:11,3
DA:12,33
DA:13,33
DA:14,33
DA:15,33
DA:16,33
DA:17,33
DA:22,33
DA:24,1
DA:25,0
DA:29,1
DA:30,1
DA:33,1
DA:34,0
DA:35,0
DA:37,0
DA:38,0
DA:40,0
DA:43,0
DA:47,1
DA:48,0
DA:49,0
DA:52,1
DA:53,1
DA:59,33
DA:61,0
DA:62,0
DA:65,0
DA:66,0
DA:67,0
DA:69,0
DA:70,0
DA:71,0
DA:72,0
DA:74,0
DA:75,0
DA:76,0
DA:77,0
DA:79,0
DA:83,0
DA:84,0
DA:85,0
DA:88,0
DA:89,0
DA:95,33
DA:96,2
DA:97,2
DA:98,2
DA:105,33
DA:106,0
DA:108,0
DA:109,0
DA:110,0
DA:111,0
DA:118,33
DA:119,0
DA:121,0
DA:122,0
DA:123,0
DA:124,0
DA:131,33
DA:133,0
DA:135,0
DA:137,0
DA:138,0
DA:139,0
DA:141,0
DA:142,0
DA:143,0
DA:146,0
DA:147,0
DA:148,0
DA:151,0
DA:152,0
DA:153,0
DA:155,0
DA:162,33
DA:163,33
DA:168,33
DA:169,33
DA:170,33
DA:171,33
DA:172,33
DA:175,33
LF:84
LH:31
BRDA:24,0,0,0
BRDA:24,0,1,1
BRDA:24,1,0,1
BRDA:24,1,1,1
BRDA:37,2,0,0
BRDA:37,2,1,0
BRDA:37,3,0,0
BRDA:37,3,1,0
BRDA:61,4,0,0
BRDA:61,4,1,0
BRDA:61,5,0,0
BRDA:61,5,1,0
BRDA:74,6,0,0
BRDA:74,6,1,0
BRDA:74,7,0,0
BRDA:74,7,1,0
BRDA:97,8,0,2
BRDA:97,8,1,0
BRDA:108,9,0,0
BRDA:108,9,1,0
BRDA:110,10,0,0
BRDA:110,10,1,0
BRDA:121,11,0,0
BRDA:121,11,1,0
BRDA:123,12,0,0
BRDA:123,12,1,0
BRDA:133,13,0,0
BRDA:133,13,1,0
BRDA:135,14,0,0
BRDA:135,14,1,0
BRDA:135,14,2,0
BRDA:135,14,3,0
BRDA:135,14,4,0
BRDA:135,14,5,0
BRDA:135,14,6,0
BRDA:138,15,0,0
BRDA:138,15,1,0
BRDA:142,16,0,0
BRDA:142,16,1,0
BRDA:170,17,0,0
BRDA:170,17,1,33
BRDA:171,18,0,0
BRDA:171,18,1,33
BRDA:196,19,0,33
BRDA:196,19,1,0
BRDA:206,20,0,33
BRDA:206,20,1,33
BRF:47
BRH:9
end_of_record
TN:
SF:src\components\Task\TaskForm.jsx
FN:11,(anonymous_0)
FN:22,(anonymous_1)
FN:39,(anonymous_2)
FN:52,(anonymous_3)
FN:73,(anonymous_4)
FN:82,(anonymous_5)
FNF:6
FNH:5
FNDA:76,(anonymous_0)
FNDA:12,(anonymous_1)
FNDA:12,(anonymous_2)
FNDA:12,(anonymous_3)
FNDA:0,(anonymous_4)
FNDA:24,(anonymous_5)
DA:11,2
DA:12,76
DA:13,76
DA:14,76
DA:15,76
DA:22,76
DA:23,12
DA:25,12
DA:26,0
DA:29,12
DA:30,0
DA:33,12
DA:39,76
DA:40,12
DA:41,12
DA:44,12
DA:45,0
DA:52,76
DA:53,12
DA:55,12
DA:56,12
DA:57,0
DA:58,0
DA:62,12
DA:65,12
DA:66,12
DA:67,12
DA:73,76
DA:74,0
DA:75,0
DA:76,0
DA:82,76
DA:83,24
DA:86,76
LF:34
LH:26
BRDA:25,0,0,0
BRDA:25,0,1,12
BRDA:29,1,0,0
BRDA:29,1,1,12
BRDA:44,2,0,0
BRDA:44,2,1,12
BRDA:56,3,0,0
BRDA:56,3,1,12
BRDA:88,4,0,40
BRDA:88,4,1,36
BRDA:98,5,0,0
BRDA:98,5,1,36
BRDA:108,6,0,0
BRDA:108,6,1,36
BRDA:111,7,0,36
BRDA:111,7,1,0
BRF:16
BRH:9
end_of_record
TN:
SF:src\components\Toast\Toast.jsx
FN:9,(anonymous_0)
FN:10,(anonymous_1)
FN:12,(anonymous_2)
FN:16,(anonymous_3)
FNF:4
FNH:4
FNDA:13,(anonymous_0)
FNDA:13,(anonymous_1)
FNDA:11,(anonymous_2)
FNDA:11,(anonymous_3)
DA:9,1
DA:10,13
DA:11,13
DA:12,11
DA:13,11
DA:16,11
DA:20,13
DA:27,13
LF:8
LH:8
BRDA:9,0,0,0
BRDA:9,1,0,9
BRDA:11,2,0,11
BRDA:11,2,1,2
BRDA:31,3,0,13
BRDA:31,3,1,12
BRF:6
BRH:5
end_of_record
TN:
SF:src\constants\index.js
FNF:0
FNH:0
DA:7,10
DA:14,10
DA:33,10
DA:40,10
DA:48,10
DA:58,10
DA:64,10
DA:72,10
DA:80,10
DA:87,10
LF:10
LH:10
BRF:0
BRH:0
end_of_record
TN:
SF:src\context\BoardContext.jsx
FN:17,(anonymous_0)
FN:29,(anonymous_1)
FN:31,(anonymous_2)
FN:41,(anonymous_3)
FN:47,(anonymous_4)
FN:60,(anonymous_5)
FN:68,(anonymous_6)
FN:77,(anonymous_7)
FN:91,(anonymous_8)
FN:94,(anonymous_9)
FN:102,(anonymous_10)
FN:103,(anonymous_11)
FN:103,(anonymous_12)
FN:111,(anonymous_13)
FN:112,(anonymous_14)
FN:113,(anonymous_15)
FN:126,(anonymous_16)
FN:127,(anonymous_17)
FN:128,(anonymous_18)
FN:141,(anonymous_19)
FN:143,(anonymous_20)
FN:144,(anonymous_21)
FN:149,(anonymous_22)
FN:163,(anonymous_23)
FN:167,(anonymous_24)
FN:173,(anonymous_25)
FN:183,(anonymous_26)
FN:185,(anonymous_27)
FN:186,(anonymous_28)
FN:187,(anonymous_29)
FNF:30
FNH:25
FNDA:330,(anonymous_0)
FNDA:110,(anonymous_1)
FNDA:67,(anonymous_2)
FNDA:67,(anonymous_3)
FNDA:24,(anonymous_4)
FNDA:100,(anonymous_5)
FNDA:28,(anonymous_6)
FNDA:28,(anonymous_7)
FNDA:9,(anonymous_8)
FNDA:28,(anonymous_9)
FNDA:3,(anonymous_10)
FNDA:3,(anonymous_11)
FNDA:2,(anonymous_12)
FNDA:1,(anonymous_13)
FNDA:1,(anonymous_14)
FNDA:1,(anonymous_15)
FNDA:0,(anonymous_16)
FNDA:0,(anonymous_17)
FNDA:0,(anonymous_18)
FNDA:102,(anonymous_19)
FNDA:66,(anonymous_20)
FNDA:5,(anonymous_21)
FNDA:4,(anonymous_22)
FNDA:0,(anonymous_23)
FNDA:0,(anonymous_24)
FNDA:2,(anonymous_25)
FNDA:96,(anonymous_26)
FNDA:53,(anonymous_27)
FNDA:53,(anonymous_28)
FNDA:53,(anonymous_29)
DA:11,7
DA:17,7
DA:18,330
DA:19,330
DA:20,0
DA:22,330
DA:29,7
DA:31,110
DA:32,67
DA:33,67
DA:36,110
DA:37,110
DA:38,110
DA:41,110
DA:42,67
DA:43,67
DA:44,11
DA:47,56
DA:48,24
DA:49,24
DA:50,24
DA:52,0
DA:54,56
DA:55,56
DA:60,110
DA:61,100
DA:68,110
DA:69,28
DA:77,110
DA:79,28
DA:80,28
DA:83,28
DA:85,28
DA:91,9
DA:94,28
DA:95,28
DA:102,110
DA:103,3
DA:111,110
DA:112,1
DA:113,1
DA:114,1
DA:126,110
DA:127,0
DA:128,0
DA:129,0
DA:141,110
DA:142,102
DA:143,66
DA:144,5
DA:147,102
DA:148,9
DA:149,9
DA:150,4
DA:156,93
DA:163,110
DA:164,0
DA:165,0
DA:167,0
DA:173,110
DA:174,2
DA:175,1
DA:183,110
DA:184,96
DA:185,53
DA:186,53
DA:187,53
DA:193,110
DA:210,110
LF:69
LH:61
BRDA:19,0,0,0
BRDA:19,0,1,330
BRDA:43,1,0,11
BRDA:43,1,1,56
BRDA:48,2,0,24
BRDA:48,2,1,0
BRDA:50,3,0,24
BRDA:50,3,1,0
BRDA:114,4,0,1
BRDA:114,4,1,0
BRDA:129,5,0,0
BRDA:129,5,1,0
BRDA:147,6,0,9
BRDA:147,6,1,93
BRDA:150,7,0,4
BRDA:150,7,1,3
BRDA:150,7,2,1
BRDA:150,7,3,0
BRDA:164,8,0,0
BRDA:164,8,1,0
BRDA:174,9,0,1
BRDA:174,9,1,1
BRF:22
BRH:13
end_of_record
TN:
SF:src\hooks\useHistory.js
FN:9,(anonymous_0)
FN:14,(anonymous_1)
FN:31,(anonymous_2)
FN:38,(anonymous_3)
FNF:4
FNH:4
FNDA:28,(anonymous_0)
FNDA:18,(anonymous_1)
FNDA:9,(anonymous_2)
FNDA:3,(anonymous_3)
DA:9,1
DA:10,28
DA:11,28
DA:12,28
DA:14,28
DA:15,18
DA:18,18
DA:21,18
DA:24,18
DA:25,2
DA:27,16
DA:31,28
DA:32,9
DA:33,8
DA:34,8
DA:38,28
DA:39,3
DA:40,2
DA:41,2
DA:45,28
DA:46,28
DA:48,28
LF:22
LH:22
BRDA:9,0,0,24
BRDA:24,1,0,2
BRDA:24,1,1,16
BRDA:32,2,0,8
BRDA:32,2,1,1
BRDA:39,3,0,2
BRDA:39,3,1,1
BRF:7
BRH:7
end_of_record
TN:
SF:src\utils\exportHelpers.js
FN:14,(anonymous_0)
FN:48,(anonymous_1)
FN:49,(anonymous_2)
FN:62,(anonymous_3)
FN:77,(anonymous_4)
FN:107,(anonymous_5)
FN:120,(anonymous_6)
FN:123,(anonymous_7)
FN:134,(anonymous_8)
FN:161,(anonymous_9)
FN:165,(anonymous_10)
FN:166,(anonymous_11)
FN:167,(anonymous_12)
FN:169,(anonymous_13)
FN:171,(anonymous_14)
FN:174,(anonymous_15)
FNF:16
FNH:9
FNDA:3,(anonymous_0)
FNDA:5,(anonymous_1)
FNDA:5,(anonymous_2)
FNDA:5,(anonymous_3)
FNDA:7,(anonymous_4)
FNDA:0,(anonymous_5)
FNDA:4,(anonymous_6)
FNDA:7,(anonymous_7)
FNDA:7,(anonymous_8)
FNDA:2,(anonymous_9)
FNDA:0,(anonymous_10)
FNDA:0,(anonymous_11)
FNDA:0,(anonymous_12)
FNDA:0,(anonymous_13)
FNDA:0,(anonymous_14)
FNDA:0,(anonymous_15)
DA:14,3
DA:15,3
DA:16,3
DA:22,3
DA:23,3
DA:25,3
DA:26,3
DA:27,3
DA:28,3
DA:30,3
DA:31,3
DA:32,3
DA:34,3
DA:36,3
DA:38,0
DA:39,0
DA:48,3
DA:49,5
DA:50,5
DA:51,0
DA:52,0
DA:55,5
DA:56,0
DA:57,0
DA:60,5
DA:62,5
DA:63,5
DA:64,5
DA:65,5
DA:68,4
DA:69,0
DA:70,0
DA:74,4
DA:75,4
DA:77,4
DA:78,7
DA:79,7
DA:81,6
DA:82,1
DA:84,6
DA:86,1
DA:90,4
DA:91,1
DA:92,1
DA:95,3
DA:103,1
DA:107,5
DA:108,0
DA:111,5
DA:120,3
DA:121,4
DA:122,4
DA:123,7
DA:132,4
DA:134,7
DA:137,4
DA:138,4
DA:139,4
DA:140,4
DA:141,4
DA:143,4
DA:144,4
DA:145,4
DA:147,4
DA:149,4
DA:151,0
DA:152,0
DA:161,3
DA:162,2
DA:165,0
DA:166,0
DA:167,0
DA:169,0
DA:171,0
DA:174,0
DA:178,2
LF:76
LH:59
BRDA:14,0,0,3
BRDA:50,1,0,0
BRDA:50,1,1,5
BRDA:55,2,0,0
BRDA:55,2,1,5
BRDA:68,3,0,0
BRDA:68,3,1,4
BRDA:68,4,0,4
BRDA:68,4,1,4
BRDA:79,5,0,6
BRDA:79,5,1,1
BRDA:81,6,0,1
BRDA:81,6,1,5
BRDA:90,7,0,1
BRDA:90,7,1,3
BRDA:99,8,0,1
BRDA:99,8,1,2
BRDA:120,9,0,4
BRDA:125,10,0,7
BRDA:125,10,1,0
BRDA:126,11,0,7
BRDA:126,11,1,7
BRDA:169,12,0,0
BRDA:169,12,1,0
BRDA:170,13,0,0
BRDA:170,13,1,2
BRDA:173,14,0,0
BRDA:173,14,1,2
BRF:28
BRH:20
end_of_record
TN:
SF:src\utils\localStorage.js
FN:14,(anonymous_0)
FN:37,(anonymous_1)
FN:58,(anonymous_2)
FN:72,(anonymous_3)
FN:86,(anonymous_4)
FN:102,(anonymous_5)
FN:123,(anonymous_6)
FN:131,(anonymous_7)
FN:148,(anonymous_8)
FN:187,(anonymous_9)
FN:192,(anonymous_10)
FN:203,(anonymous_11)
FN:211,(anonymous_12)
FNF:13
FNH:10
FNDA:103,(anonymous_0)
FNDA:73,(anonymous_1)
FNDA:1,(anonymous_2)
FNDA:1,(anonymous_3)
FNDA:2,(anonymous_4)
FNDA:0,(anonymous_5)
FNDA:101,(anonymous_6)
FNDA:70,(anonymous_7)
FNDA:39,(anonymous_8)
FNDA:68,(anonymous_9)
FNDA:27,(anonymous_10)
FNDA:0,(anonymous_11)
FNDA:0,(anonymous_12)
DA:14,9
DA:15,103
DA:16,103
DA:17,103
DA:18,102
DA:20,1
DA:23,1
DA:24,0
DA:27,1
DA:37,9
DA:38,73
DA:39,73
DA:41,73
DA:42,44
DA:45,29
DA:47,1
DA:48,1
DA:49,1
DA:58,9
DA:59,1
DA:60,1
DA:61,1
DA:63,0
DA:64,0
DA:72,9
DA:73,1
DA:74,1
DA:75,1
DA:77,0
DA:78,0
DA:86,9
DA:87,2
DA:88,2
DA:89,2
DA:90,1
DA:91,1
DA:93,1
DA:94,1
DA:102,9
DA:103,0
DA:105,0
DA:106,0
DA:107,0
DA:111,0
DA:123,9
DA:124,101
DA:131,9
DA:132,70
DA:135,70
DA:136,0
DA:137,0
DA:140,70
DA:148,9
DA:149,39
DA:151,39
DA:152,0
DA:153,0
DA:156,39
DA:157,1
DA:160,39
DA:161,3
DA:164,39
DA:165,0
DA:168,39
DA:169,2
DA:172,39
DA:173,2
DA:176,39
DA:187,9
DA:188,68
DA:189,0
DA:192,68
DA:193,27
DA:194,27
DA:203,9
DA:204,0
DA:211,9
DA:212,0
LF:78
LH:60
BRDA:23,0,0,0
BRDA:23,0,1,1
BRDA:37,1,0,3
BRDA:41,2,0,44
BRDA:41,2,1,29
BRDA:106,3,0,0
BRDA:106,3,1,0
BRDA:135,4,0,0
BRDA:135,4,1,70
BRDA:151,5,0,0
BRDA:151,5,1,39
BRDA:151,6,0,39
BRDA:151,6,1,39
BRDA:156,7,0,1
BRDA:156,7,1,38
BRDA:156,8,0,39
BRDA:156,8,1,38
BRDA:160,9,0,3
BRDA:160,9,1,36
BRDA:160,10,0,39
BRDA:160,10,1,39
BRDA:164,11,0,0
BRDA:164,11,1,39
BRDA:164,12,0,39
BRDA:164,12,1,39
BRDA:168,13,0,2
BRDA:168,13,1,37
BRDA:172,14,0,2
BRDA:172,14,1,37
BRDA:188,15,0,0
BRDA:188,15,1,68
BRF:31
BRH:24
end_of_record
TN:
SF:src\utils\taskHelpers.js
FN:16,(anonymous_0)
FN:31,(anonymous_1)
FN:40,(anonymous_2)
FN:69,(anonymous_3)
FN:70,(anonymous_4)
FN:78,(anonymous_5)
FN:79,(anonymous_6)
FN:87,(anonymous_7)
FN:103,(anonymous_8)
FN:122,(anonymous_9)
FN:123,(anonymous_10)
FN:129,(anonymous_11)
FN:130,(anonymous_12)
FN:133,(anonymous_13)
FN:142,(anonymous_14)
FN:150,(anonymous_15)
FN:161,(anonymous_16)
FN:163,(anonymous_17)
FN:164,(anonymous_18)
FN:165,(anonymous_19)
FN:176,(anonymous_20)
FN:182,(anonymous_21)
FN:193,(anonymous_22)
FN:199,(anonymous_23)
FN:210,(anonymous_24)
FN:224,(anonymous_25)
FNF:26
FNH:8
FNDA:5,(anonymous_0)
FNDA:5,(anonymous_1)
FNDA:0,(anonymous_2)
FNDA:0,(anonymous_3)
FNDA:0,(anonymous_4)
FNDA:0,(anonymous_5)
FNDA:0,(anonymous_6)
FNDA:0,(anonymous_7)
FNDA:0,(anonymous_8)
FNDA:0,(anonymous_9)
FNDA:0,(anonymous_10)
FNDA:0,(anonymous_11)
FNDA:0,(anonymous_12)
FNDA:0,(anonymous_13)
FNDA:0,(anonymous_14)
FNDA:0,(anonymous_15)
FNDA:3,(anonymous_16)
FNDA:8,(anonymous_17)
FNDA:8,(anonymous_18)
FNDA:8,(anonymous_19)
FNDA:0,(anonymous_20)
FNDA:0,(anonymous_21)
FNDA:9,(anonymous_22)
FNDA:17,(anonymous_23)
FNDA:0,(anonymous_24)
FNDA:0,(anonymous_25)
DA:16,1
DA:17,5
DA:31,1
DA:32,5
DA:40,1
DA:41,0
DA:43,0
DA:44,0
DA:50,0
DA:51,0
DA:57,0
DA:69,1
DA:70,0
DA:78,1
DA:79,0
DA:87,1
DA:88,0
DA:90,0
DA:92,0
DA:94,0
DA:103,1
DA:104,0
DA:106,0
DA:108,0
DA:110,0
DA:122,1
DA:123,0
DA:124,0
DA:126,0
DA:129,0
DA:130,0
DA:133,0
DA:139,0
DA:142,0
DA:149,0
DA:150,0
DA:153,0
DA:161,1
DA:162,3
DA:163,8
DA:164,8
DA:165,8
DA:176,1
DA:177,0
DA:178,0
DA:181,0
DA:182,0
DA:183,0
DA:193,1
DA:194,9
DA:195,3
DA:198,6
DA:199,6
DA:200,17
DA:210,1
DA:211,0
DA:212,0
DA:224,1
DA:225,0
DA:226,0
DA:228,0
DA:229,0
DA:230,0
DA:231,0
DA:233,0
DA:234,0
DA:235,0
DA:236,0
LF:68
LH:24
BRDA:16,0,0,4
BRDA:16,1,0,4
BRDA:43,2,0,0
BRDA:43,2,1,0
BRDA:50,3,0,0
BRDA:50,3,1,0
BRDA:88,4,0,0
BRDA:88,4,1,0
BRDA:88,4,2,0
BRDA:104,5,0,0
BRDA:104,5,1,0
BRDA:104,5,2,0
BRDA:122,6,0,0
BRDA:124,7,0,0
BRDA:124,7,1,0
BRDA:129,8,0,0
BRDA:129,8,1,0
BRDA:130,9,0,0
BRDA:130,9,1,0
BRDA:150,10,0,0
BRDA:150,10,1,0
BRDA:177,11,0,0
BRDA:177,11,1,0
BRDA:177,12,0,0
BRDA:177,12,1,0
BRDA:194,13,0,3
BRDA:194,13,1,6
BRDA:194,14,0,9
BRDA:194,14,1,6
BRDA:200,15,0,17
BRDA:200,15,1,14
BRDA:200,15,2,14
BRDA:233,16,0,0
BRDA:233,16,1,0
BRDA:233,17,0,0
BRDA:233,17,1,0
BRDA:234,18,0,0
BRDA:234,18,1,0
BRDA:234,19,0,0
BRDA:234,19,1,0
BRDA:235,20,0,0
BRDA:235,20,1,0
BRDA:235,21,0,0
BRDA:235,21,1,0
BRF:44
BRH:9
end_of_record
